<?xml version="1.0" encoding="UTF-8"?>
<!-- Generated by org.testng.reporters.JUnitReportReporter -->
<testsuite hostname="DESKTOP-A3IGTFH" failures="0" tests="2" name="com.virtusa.SeleniumTests" time="28.322" errors="0" timestamp="2023-10-22T08:11:54 IST" skipped="0">
  <testcase classname="com.virtusa.SeleniumTests" name="testFlipCartSearchIPhone" time="15.904"/>
  <testcase classname="com.virtusa.SeleniumTests" name="testAutomationPanda" time="12.418"/>
</testsuite> <!-- com.virtusa.SeleniumTests -->
